2018-07-11 13:08:22,370 [ERROR] from akka.actor.OneForOneStrategy in event-sourcing-impl-application-akka.actor.default-dispatcher-20 - null
java.lang.NullPointerException: null
	at com.lightbend.lagom.internal.javadsl.persistence.AbstractPersistentEntityRegistry$$anonfun$2.apply(AbstractPersistentEntityRegistry.scala:66) ~[lagom-javadsl-persistence_2.11-1.3.0.jar:1.3.0]
	at com.lightbend.lagom.internal.javadsl.persistence.AbstractPersistentEntityRegistry$$anonfun$2.apply(AbstractPersistentEntityRegistry.scala:64) ~[lagom-javadsl-persistence_2.11-1.3.0.jar:1.3.0]
	at akka.cluster.sharding.ShardRegion.deliverMessage(ShardRegion.scala:696) ~[akka-cluster-sharding_2.11-2.4.16.jar:na]
	at akka.cluster.sharding.ShardRegion$$anonfun$receive$2.applyOrElse(ShardRegion.scala:417) ~[akka-cluster-sharding_2.11-2.4.16.jar:na]
	at akka.actor.Actor$class.aroundReceive(Actor.scala:496) ~[akka-actor_2.11-2.4.16.jar:na]
	at akka.cluster.sharding.ShardRegion.aroundReceive(ShardRegion.scala:339) ~[akka-cluster-sharding_2.11-2.4.16.jar:na]
	at akka.actor.ActorCell.receiveMessage(ActorCell.scala:526) [akka-actor_2.11-2.4.16.jar:na]
	at akka.actor.ActorCell.invoke(ActorCell.scala:495) [akka-actor_2.11-2.4.16.jar:na]
	at akka.dispatch.Mailbox.processMailbox(Mailbox.scala:257) [akka-actor_2.11-2.4.16.jar:na]
	at akka.dispatch.Mailbox.run(Mailbox.scala:224) [akka-actor_2.11-2.4.16.jar:na]
	at akka.dispatch.Mailbox.exec(Mailbox.scala:234) [akka-actor_2.11-2.4.16.jar:na]
	at scala.concurrent.forkjoin.ForkJoinTask.doExec(ForkJoinTask.java:260) [scala-library-2.11.8.jar:na]
	at scala.concurrent.forkjoin.ForkJoinPool$WorkQueue.runTask(ForkJoinPool.java:1339) [scala-library-2.11.8.jar:na]
	at scala.concurrent.forkjoin.ForkJoinPool.runWorker(ForkJoinPool.java:1979) [scala-library-2.11.8.jar:na]
	at scala.concurrent.forkjoin.ForkJoinWorkerThread.run(ForkJoinWorkerThread.java:107) [scala-library-2.11.8.jar:na]
2018-07-11 13:08:32,371 [ERROR] from event-sourcing in event-sourcing-impl-application-akka.actor.default-dispatcher-2 - Exception in RestCallId{method=DELETE, pathPattern='/api/eventSourcing/deleteEmployee/:name'}
akka.pattern.AskTimeoutException: Ask timed out on [Actor[akka://event-sourcing-impl-application/system/sharding/EmployeeEntity#472466929]] after [10000 ms]. Sender[null] sent message of type "com.lightbend.lagom.javadsl.persistence.CommandEnvelope".
	at akka.pattern.PromiseActorRef$$anonfun$1.apply$mcV$sp(AskSupport.scala:604) ~[akka-actor_2.11-2.4.16.jar:na]
	at akka.actor.Scheduler$$anon$4.run(Scheduler.scala:126) ~[akka-actor_2.11-2.4.16.jar:na]
	at scala.concurrent.Future$InternalCallbackExecutor$.unbatchedExecute(Future.scala:601) ~[scala-library-2.11.8.jar:na]
	at scala.concurrent.BatchingExecutor$class.execute(BatchingExecutor.scala:109) ~[scala-library-2.11.8.jar:na]
	at scala.concurrent.Future$InternalCallbackExecutor$.execute(Future.scala:599) ~[scala-library-2.11.8.jar:na]
	at akka.actor.LightArrayRevolverScheduler$TaskHolder.executeTask(LightArrayRevolverScheduler.scala:329) ~[akka-actor_2.11-2.4.16.jar:na]
	at akka.actor.LightArrayRevolverScheduler$$anon$4.executeBucket$1(LightArrayRevolverScheduler.scala:280) ~[akka-actor_2.11-2.4.16.jar:na]
	at akka.actor.LightArrayRevolverScheduler$$anon$4.nextTick(LightArrayRevolverScheduler.scala:284) ~[akka-actor_2.11-2.4.16.jar:na]
	at akka.actor.LightArrayRevolverScheduler$$anon$4.run(LightArrayRevolverScheduler.scala:236) ~[akka-actor_2.11-2.4.16.jar:na]
	at java.lang.Thread.run(Thread.java:748) ~[na:1.8.0_171]
2018-07-11 13:08:37,982 [ERROR] from akka.actor.OneForOneStrategy in event-sourcing-impl-application-akka.actor.default-dispatcher-16 - null
java.lang.NullPointerException: null
	at com.lightbend.lagom.internal.javadsl.persistence.AbstractPersistentEntityRegistry$$anonfun$2.apply(AbstractPersistentEntityRegistry.scala:66) ~[lagom-javadsl-persistence_2.11-1.3.0.jar:1.3.0]
	at com.lightbend.lagom.internal.javadsl.persistence.AbstractPersistentEntityRegistry$$anonfun$2.apply(AbstractPersistentEntityRegistry.scala:64) ~[lagom-javadsl-persistence_2.11-1.3.0.jar:1.3.0]
	at akka.cluster.sharding.ShardRegion.deliverMessage(ShardRegion.scala:696) ~[akka-cluster-sharding_2.11-2.4.16.jar:na]
	at akka.cluster.sharding.ShardRegion$$anonfun$receive$2.applyOrElse(ShardRegion.scala:417) ~[akka-cluster-sharding_2.11-2.4.16.jar:na]
	at akka.actor.Actor$class.aroundReceive(Actor.scala:496) ~[akka-actor_2.11-2.4.16.jar:na]
	at akka.cluster.sharding.ShardRegion.aroundReceive(ShardRegion.scala:339) ~[akka-cluster-sharding_2.11-2.4.16.jar:na]
	at akka.actor.ActorCell.receiveMessage(ActorCell.scala:526) [akka-actor_2.11-2.4.16.jar:na]
	at akka.actor.ActorCell.invoke(ActorCell.scala:495) [akka-actor_2.11-2.4.16.jar:na]
	at akka.dispatch.Mailbox.processMailbox(Mailbox.scala:257) [akka-actor_2.11-2.4.16.jar:na]
	at akka.dispatch.Mailbox.run(Mailbox.scala:224) [akka-actor_2.11-2.4.16.jar:na]
	at akka.dispatch.Mailbox.exec(Mailbox.scala:234) [akka-actor_2.11-2.4.16.jar:na]
	at scala.concurrent.forkjoin.ForkJoinTask.doExec(ForkJoinTask.java:260) [scala-library-2.11.8.jar:na]
	at scala.concurrent.forkjoin.ForkJoinPool$WorkQueue.runTask(ForkJoinPool.java:1339) [scala-library-2.11.8.jar:na]
	at scala.concurrent.forkjoin.ForkJoinPool.runWorker(ForkJoinPool.java:1979) [scala-library-2.11.8.jar:na]
	at scala.concurrent.forkjoin.ForkJoinWorkerThread.run(ForkJoinWorkerThread.java:107) [scala-library-2.11.8.jar:na]
2018-07-11 13:08:47,999 [ERROR] from event-sourcing in event-sourcing-impl-application-akka.actor.default-dispatcher-14 - Exception in RestCallId{method=DELETE, pathPattern='/api/eventSourcing/deleteEmployee/:name'}
akka.pattern.AskTimeoutException: Ask timed out on [Actor[akka://event-sourcing-impl-application/system/sharding/EmployeeEntity#472466929]] after [10000 ms]. Sender[null] sent message of type "com.lightbend.lagom.javadsl.persistence.CommandEnvelope".
	at akka.pattern.PromiseActorRef$$anonfun$1.apply$mcV$sp(AskSupport.scala:604) ~[akka-actor_2.11-2.4.16.jar:na]
	at akka.actor.Scheduler$$anon$4.run(Scheduler.scala:126) ~[akka-actor_2.11-2.4.16.jar:na]
	at scala.concurrent.Future$InternalCallbackExecutor$.unbatchedExecute(Future.scala:601) ~[scala-library-2.11.8.jar:na]
	at scala.concurrent.BatchingExecutor$class.execute(BatchingExecutor.scala:109) ~[scala-library-2.11.8.jar:na]
	at scala.concurrent.Future$InternalCallbackExecutor$.execute(Future.scala:599) ~[scala-library-2.11.8.jar:na]
	at akka.actor.LightArrayRevolverScheduler$TaskHolder.executeTask(LightArrayRevolverScheduler.scala:329) ~[akka-actor_2.11-2.4.16.jar:na]
	at akka.actor.LightArrayRevolverScheduler$$anon$4.executeBucket$1(LightArrayRevolverScheduler.scala:280) ~[akka-actor_2.11-2.4.16.jar:na]
	at akka.actor.LightArrayRevolverScheduler$$anon$4.nextTick(LightArrayRevolverScheduler.scala:284) ~[akka-actor_2.11-2.4.16.jar:na]
	at akka.actor.LightArrayRevolverScheduler$$anon$4.run(LightArrayRevolverScheduler.scala:236) ~[akka-actor_2.11-2.4.16.jar:na]
	at java.lang.Thread.run(Thread.java:748) ~[na:1.8.0_171]
2018-07-11 13:08:53,262 [ERROR] from akka.actor.OneForOneStrategy in event-sourcing-impl-application-akka.actor.default-dispatcher-21 - null
java.lang.NullPointerException: null
	at com.lightbend.lagom.internal.javadsl.persistence.AbstractPersistentEntityRegistry$$anonfun$2.apply(AbstractPersistentEntityRegistry.scala:66) ~[lagom-javadsl-persistence_2.11-1.3.0.jar:1.3.0]
	at com.lightbend.lagom.internal.javadsl.persistence.AbstractPersistentEntityRegistry$$anonfun$2.apply(AbstractPersistentEntityRegistry.scala:64) ~[lagom-javadsl-persistence_2.11-1.3.0.jar:1.3.0]
	at akka.cluster.sharding.ShardRegion.deliverMessage(ShardRegion.scala:696) ~[akka-cluster-sharding_2.11-2.4.16.jar:na]
	at akka.cluster.sharding.ShardRegion$$anonfun$receive$2.applyOrElse(ShardRegion.scala:417) ~[akka-cluster-sharding_2.11-2.4.16.jar:na]
	at akka.actor.Actor$class.aroundReceive(Actor.scala:496) ~[akka-actor_2.11-2.4.16.jar:na]
	at akka.cluster.sharding.ShardRegion.aroundReceive(ShardRegion.scala:339) ~[akka-cluster-sharding_2.11-2.4.16.jar:na]
	at akka.actor.ActorCell.receiveMessage(ActorCell.scala:526) [akka-actor_2.11-2.4.16.jar:na]
	at akka.actor.ActorCell.invoke(ActorCell.scala:495) [akka-actor_2.11-2.4.16.jar:na]
	at akka.dispatch.Mailbox.processMailbox(Mailbox.scala:257) [akka-actor_2.11-2.4.16.jar:na]
	at akka.dispatch.Mailbox.run(Mailbox.scala:224) [akka-actor_2.11-2.4.16.jar:na]
	at akka.dispatch.Mailbox.exec(Mailbox.scala:234) [akka-actor_2.11-2.4.16.jar:na]
	at scala.concurrent.forkjoin.ForkJoinTask.doExec(ForkJoinTask.java:260) [scala-library-2.11.8.jar:na]
	at scala.concurrent.forkjoin.ForkJoinPool$WorkQueue.runTask(ForkJoinPool.java:1339) [scala-library-2.11.8.jar:na]
	at scala.concurrent.forkjoin.ForkJoinPool.runWorker(ForkJoinPool.java:1979) [scala-library-2.11.8.jar:na]
	at scala.concurrent.forkjoin.ForkJoinWorkerThread.run(ForkJoinWorkerThread.java:107) [scala-library-2.11.8.jar:na]
2018-07-11 13:09:03,279 [ERROR] from event-sourcing in event-sourcing-impl-application-akka.actor.default-dispatcher-3 - Exception in RestCallId{method=DELETE, pathPattern='/api/eventSourcing/deleteEmployee/:name'}
akka.pattern.AskTimeoutException: Ask timed out on [Actor[akka://event-sourcing-impl-application/system/sharding/EmployeeEntity#472466929]] after [10000 ms]. Sender[null] sent message of type "com.lightbend.lagom.javadsl.persistence.CommandEnvelope".
	at akka.pattern.PromiseActorRef$$anonfun$1.apply$mcV$sp(AskSupport.scala:604) ~[akka-actor_2.11-2.4.16.jar:na]
	at akka.actor.Scheduler$$anon$4.run(Scheduler.scala:126) ~[akka-actor_2.11-2.4.16.jar:na]
	at scala.concurrent.Future$InternalCallbackExecutor$.unbatchedExecute(Future.scala:601) ~[scala-library-2.11.8.jar:na]
	at scala.concurrent.BatchingExecutor$class.execute(BatchingExecutor.scala:109) ~[scala-library-2.11.8.jar:na]
	at scala.concurrent.Future$InternalCallbackExecutor$.execute(Future.scala:599) ~[scala-library-2.11.8.jar:na]
	at akka.actor.LightArrayRevolverScheduler$TaskHolder.executeTask(LightArrayRevolverScheduler.scala:329) ~[akka-actor_2.11-2.4.16.jar:na]
	at akka.actor.LightArrayRevolverScheduler$$anon$4.executeBucket$1(LightArrayRevolverScheduler.scala:280) ~[akka-actor_2.11-2.4.16.jar:na]
	at akka.actor.LightArrayRevolverScheduler$$anon$4.nextTick(LightArrayRevolverScheduler.scala:284) ~[akka-actor_2.11-2.4.16.jar:na]
	at akka.actor.LightArrayRevolverScheduler$$anon$4.run(LightArrayRevolverScheduler.scala:236) ~[akka-actor_2.11-2.4.16.jar:na]
	at java.lang.Thread.run(Thread.java:748) ~[na:1.8.0_171]
2018-07-11 13:09:07,864 [ERROR] from akka.actor.OneForOneStrategy in event-sourcing-impl-application-akka.actor.default-dispatcher-16 - null
java.lang.NullPointerException: null
	at com.lightbend.lagom.internal.javadsl.persistence.AbstractPersistentEntityRegistry$$anonfun$2.apply(AbstractPersistentEntityRegistry.scala:66) ~[lagom-javadsl-persistence_2.11-1.3.0.jar:1.3.0]
	at com.lightbend.lagom.internal.javadsl.persistence.AbstractPersistentEntityRegistry$$anonfun$2.apply(AbstractPersistentEntityRegistry.scala:64) ~[lagom-javadsl-persistence_2.11-1.3.0.jar:1.3.0]
	at akka.cluster.sharding.ShardRegion.deliverMessage(ShardRegion.scala:696) ~[akka-cluster-sharding_2.11-2.4.16.jar:na]
	at akka.cluster.sharding.ShardRegion$$anonfun$receive$2.applyOrElse(ShardRegion.scala:417) ~[akka-cluster-sharding_2.11-2.4.16.jar:na]
	at akka.actor.Actor$class.aroundReceive(Actor.scala:496) ~[akka-actor_2.11-2.4.16.jar:na]
	at akka.cluster.sharding.ShardRegion.aroundReceive(ShardRegion.scala:339) ~[akka-cluster-sharding_2.11-2.4.16.jar:na]
	at akka.actor.ActorCell.receiveMessage(ActorCell.scala:526) [akka-actor_2.11-2.4.16.jar:na]
	at akka.actor.ActorCell.invoke(ActorCell.scala:495) [akka-actor_2.11-2.4.16.jar:na]
	at akka.dispatch.Mailbox.processMailbox(Mailbox.scala:257) [akka-actor_2.11-2.4.16.jar:na]
	at akka.dispatch.Mailbox.run(Mailbox.scala:224) [akka-actor_2.11-2.4.16.jar:na]
	at akka.dispatch.Mailbox.exec(Mailbox.scala:234) [akka-actor_2.11-2.4.16.jar:na]
	at scala.concurrent.forkjoin.ForkJoinTask.doExec(ForkJoinTask.java:260) [scala-library-2.11.8.jar:na]
	at scala.concurrent.forkjoin.ForkJoinPool$WorkQueue.runTask(ForkJoinPool.java:1339) [scala-library-2.11.8.jar:na]
	at scala.concurrent.forkjoin.ForkJoinPool.runWorker(ForkJoinPool.java:1979) [scala-library-2.11.8.jar:na]
	at scala.concurrent.forkjoin.ForkJoinWorkerThread.run(ForkJoinWorkerThread.java:107) [scala-library-2.11.8.jar:na]
2018-07-11 13:09:17,879 [ERROR] from event-sourcing in event-sourcing-impl-application-akka.actor.default-dispatcher-21 - Exception in RestCallId{method=DELETE, pathPattern='/api/eventSourcing/deleteEmployee/:name'}
akka.pattern.AskTimeoutException: Ask timed out on [Actor[akka://event-sourcing-impl-application/system/sharding/EmployeeEntity#472466929]] after [10000 ms]. Sender[null] sent message of type "com.lightbend.lagom.javadsl.persistence.CommandEnvelope".
	at akka.pattern.PromiseActorRef$$anonfun$1.apply$mcV$sp(AskSupport.scala:604) ~[akka-actor_2.11-2.4.16.jar:na]
	at akka.actor.Scheduler$$anon$4.run(Scheduler.scala:126) ~[akka-actor_2.11-2.4.16.jar:na]
	at scala.concurrent.Future$InternalCallbackExecutor$.unbatchedExecute(Future.scala:601) ~[scala-library-2.11.8.jar:na]
	at scala.concurrent.BatchingExecutor$class.execute(BatchingExecutor.scala:109) ~[scala-library-2.11.8.jar:na]
	at scala.concurrent.Future$InternalCallbackExecutor$.execute(Future.scala:599) ~[scala-library-2.11.8.jar:na]
	at akka.actor.LightArrayRevolverScheduler$TaskHolder.executeTask(LightArrayRevolverScheduler.scala:329) ~[akka-actor_2.11-2.4.16.jar:na]
	at akka.actor.LightArrayRevolverScheduler$$anon$4.executeBucket$1(LightArrayRevolverScheduler.scala:280) ~[akka-actor_2.11-2.4.16.jar:na]
	at akka.actor.LightArrayRevolverScheduler$$anon$4.nextTick(LightArrayRevolverScheduler.scala:284) ~[akka-actor_2.11-2.4.16.jar:na]
	at akka.actor.LightArrayRevolverScheduler$$anon$4.run(LightArrayRevolverScheduler.scala:236) ~[akka-actor_2.11-2.4.16.jar:na]
	at java.lang.Thread.run(Thread.java:748) ~[na:1.8.0_171]
2018-07-11 13:13:20,549 [ERROR] from akka.actor.OneForOneStrategy in event-sourcing-impl-application-akka.actor.default-dispatcher-14 - Processor actor [Actor[akka://event-sourcing-impl-application/user/StreamSupervisor-1/flow-5-1-unknown-operation#-61508448]] terminated abruptly
akka.stream.AbruptTerminationException: Processor actor [Actor[akka://event-sourcing-impl-application/user/StreamSupervisor-1/flow-5-1-unknown-operation#-61508448]] terminated abruptly
